build/app/intermediates/manifest_merge_blame_file/debug/manifest-merger-blame-debug-report.txt
1<?xml version="1.0" encoding="utf-8"?>
2<manifest xmlns:android="http://schemas.android.com/apk/res/android"
3    package="com.example.ontime"
4    android:versionCode="2"
5    android:versionName="1.0.0" >
6
7    <uses-sdk
8        android:minSdkVersion="21"
9        android:targetSdkVersion="29" />
10    <!--
11         Flutter needs it to communicate with the running application
12         to allow setting breakpoints, to provide hot reload, etc.
13    -->
14    <uses-permission android:name="android.permission.INTERNET" />
14-->src\debug\AndroidManifest.xml:6:5-66
14-->src\debug\AndroidManifest.xml:6:22-64
15    <uses-permission android:name="android.permission.READ_EXTERNAL_STORAGE" />
15-->[:image_picker] AndroidManifest.xml:7:5-80
15-->[:image_picker] AndroidManifest.xml:7:22-77
16    <uses-permission android:name="android.permission.WRITE_EXTERNAL_STORAGE" />
16-->[:image_picker] AndroidManifest.xml:8:5-81
16-->[:image_picker] AndroidManifest.xml:8:22-78
17    <uses-permission android:name="android.permission.ACCESS_NETWORK_STATE" />
17-->[:firebase_analytics] AndroidManifest.xml:7:5-79
17-->[:firebase_analytics] AndroidManifest.xml:7:22-76
18    <uses-permission android:name="android.permission.WAKE_LOCK" />
18-->[:firebase_analytics] AndroidManifest.xml:9:5-68
18-->[:firebase_analytics] AndroidManifest.xml:9:22-65
19    <uses-permission android:name="android.permission.ACCESS_COARSE_LOCATION" />
19-->[:location] AndroidManifest.xml:7:5-81
19-->[:location] AndroidManifest.xml:7:22-78
20    <uses-permission android:name="android.permission.ACCESS_FINE_LOCATION" />
20-->[:location] AndroidManifest.xml:8:5-79
20-->[:location] AndroidManifest.xml:8:22-76
21    <uses-permission android:name="android.permission.FOREGROUND_SERVICE" />
21-->[:location] AndroidManifest.xml:9:5-77
21-->[:location] AndroidManifest.xml:9:22-74
22    <uses-permission android:name="android.permission.ACCESS_BACKGROUND_LOCATION" />
22-->[:location] AndroidManifest.xml:10:5-85
22-->[:location] AndroidManifest.xml:10:22-82
23    <uses-permission android:name="com.google.android.finsky.permission.BIND_GET_INSTALL_REFERRER_SERVICE" />
23-->[com.google.android.gms:play-services-measurement:18.0.0] AndroidManifest.xml:26:5-110
23-->[com.google.android.gms:play-services-measurement:18.0.0] AndroidManifest.xml:26:22-107
24    <!--
25 io.flutter.app.FlutterApplication is an android.app.Application that
26         calls FlutterMain.startInitialization(this); in its onCreate method.
27         In most cases you can leave this as-is, but you if you want to provide
28         additional functionality it is fine to subclass or reimplement
29         FlutterApplication and put your custom class here.
30    -->
31    <application
31-->src\main\AndroidManifest.xml:8:5-46:19
32        android:name="io.flutter.app.FlutterApplication"
32-->src\main\AndroidManifest.xml:9:9-57
33        android:appComponentFactory="androidx.core.app.CoreComponentFactory"
33-->[androidx.core:core:1.3.2] AndroidManifest.xml:24:18-86
34        android:debuggable="true"
35        android:icon="@mipmap/ic_launcher"
35-->src\main\AndroidManifest.xml:11:9-43
36        android:label="ontime" >
36-->src\main\AndroidManifest.xml:10:9-31
37        <activity
37-->src\main\AndroidManifest.xml:12:9-40:20
38            android:name="com.example.ontime.MainActivity"
38-->src\main\AndroidManifest.xml:13:13-41
39            android:configChanges="orientation|keyboardHidden|keyboard|screenSize|smallestScreenSize|locale|layoutDirection|fontScale|screenLayout|density|uiMode"
39-->src\main\AndroidManifest.xml:16:13-163
40            android:hardwareAccelerated="true"
40-->src\main\AndroidManifest.xml:17:13-47
41            android:launchMode="singleTop"
41-->src\main\AndroidManifest.xml:14:13-43
42            android:theme="@style/LaunchTheme"
42-->src\main\AndroidManifest.xml:15:13-47
43            android:windowSoftInputMode="adjustResize" >
43-->src\main\AndroidManifest.xml:18:13-55
44
45            <!--
46                 Specifies an Android theme to apply to this Activity as soon as
47                 the Android process has started. This theme is visible to the user
48                 while the Flutter UI initializes. After that, this theme continues
49                 to determine the Window background behind the Flutter UI.
50            -->
51            <meta-data
51-->src\main\AndroidManifest.xml:23:13-26:17
52                android:name="io.flutter.embedding.android.NormalTheme"
52-->src\main\AndroidManifest.xml:24:15-70
53                android:resource="@style/NormalTheme" />
53-->src\main\AndroidManifest.xml:25:15-52
54            <!--
55                 Displays an Android View that continues showing the launch screen
56                 Drawable until Flutter paints its first frame, then this splash
57                 screen fades out. A splash screen is useful to avoid any visual
58                 gap between the end of Android's launch screen and the painting of
59                 Flutter's first frame.
60            -->
61            <meta-data
61-->src\main\AndroidManifest.xml:32:13-35:17
62                android:name="io.flutter.embedding.android.SplashScreenDrawable"
62-->src\main\AndroidManifest.xml:33:15-79
63                android:resource="@drawable/launch_background" />
63-->src\main\AndroidManifest.xml:34:15-61
64
65            <intent-filter>
65-->src\main\AndroidManifest.xml:36:13-39:29
66                <action android:name="android.intent.action.MAIN" />
66-->src\main\AndroidManifest.xml:37:17-68
66-->src\main\AndroidManifest.xml:37:25-66
67
68                <category android:name="android.intent.category.LAUNCHER" />
68-->src\main\AndroidManifest.xml:38:17-76
68-->src\main\AndroidManifest.xml:38:27-74
69            </intent-filter>
70        </activity>
71        <!--
72             Don't delete the meta-data below.
73             This is used by the Flutter tool to generate GeneratedPluginRegistrant.java
74        -->
75        <meta-data
75-->src\main\AndroidManifest.xml:43:9-45:33
76            android:name="flutterEmbedding"
76-->src\main\AndroidManifest.xml:44:13-44
77            android:value="2" />
77-->src\main\AndroidManifest.xml:45:13-30
78
79        <service
79-->[:firebase_storage] AndroidManifest.xml:8:9-12:19
80            android:name="com.google.firebase.components.ComponentDiscoveryService"
80-->[:firebase_storage] AndroidManifest.xml:8:18-89
81            android:directBootAware="true"
81-->[com.google.firebase:firebase-common:19.5.0] AndroidManifest.xml:35:13-43
82            android:exported="false" >
82-->[com.google.firebase:firebase-auth:20.0.1] AndroidManifest.xml:76:13-37
83            <meta-data
83-->[:firebase_storage] AndroidManifest.xml:9:13-11:85
84                android:name="com.google.firebase.components:io.flutter.plugins.firebase.storage.FlutterFirebaseAppRegistrar"
84-->[:firebase_storage] AndroidManifest.xml:10:17-126
85                android:value="com.google.firebase.components.ComponentRegistrar" />
85-->[:firebase_storage] AndroidManifest.xml:11:17-82
86            <meta-data
86-->[:firebase_dynamic_links] AndroidManifest.xml:11:13-13:85
87                android:name="com.google.firebase.components:io.flutter.plugins.firebasedynamiclinks.FlutterFirebaseAppRegistrar"
87-->[:firebase_dynamic_links] AndroidManifest.xml:12:17-130
88                android:value="com.google.firebase.components.ComponentRegistrar" />
88-->[:firebase_dynamic_links] AndroidManifest.xml:13:17-82
89            <meta-data
89-->[:firebase_analytics] AndroidManifest.xml:13:13-15:85
90                android:name="com.google.firebase.components:io.flutter.plugins.firebaseanalytics.FlutterFirebaseAppRegistrar"
90-->[:firebase_analytics] AndroidManifest.xml:14:17-127
91                android:value="com.google.firebase.components.ComponentRegistrar" />
91-->[:firebase_analytics] AndroidManifest.xml:15:17-82
92            <meta-data
92-->[:cloud_firestore] AndroidManifest.xml:9:13-11:85
93                android:name="com.google.firebase.components:io.flutter.plugins.firebase.firestore.FlutterFirebaseFirestoreRegistrar"
93-->[:cloud_firestore] AndroidManifest.xml:10:17-134
94                android:value="com.google.firebase.components.ComponentRegistrar" />
94-->[:cloud_firestore] AndroidManifest.xml:11:17-82
95            <meta-data
95-->[:firebase_auth] AndroidManifest.xml:9:13-11:85
96                android:name="com.google.firebase.components:io.flutter.plugins.firebase.auth.FlutterFirebaseAuthRegistrar"
96-->[:firebase_auth] AndroidManifest.xml:10:17-124
97                android:value="com.google.firebase.components.ComponentRegistrar" />
97-->[:firebase_auth] AndroidManifest.xml:11:17-82
98            <meta-data
98-->[:firebase_core] AndroidManifest.xml:9:13-11:85
99                android:name="com.google.firebase.components:io.flutter.plugins.firebase.core.FlutterFirebaseCoreRegistrar"
99-->[:firebase_core] AndroidManifest.xml:10:17-124
100                android:value="com.google.firebase.components.ComponentRegistrar" />
100-->[:firebase_core] AndroidManifest.xml:11:17-82
101            <meta-data
101-->[com.google.firebase:firebase-auth:20.0.1] AndroidManifest.xml:77:13-79:85
102                android:name="com.google.firebase.components:com.google.firebase.auth.FirebaseAuthRegistrar"
102-->[com.google.firebase:firebase-auth:20.0.1] AndroidManifest.xml:78:17-109
103                android:value="com.google.firebase.components.ComponentRegistrar" />
103-->[com.google.firebase:firebase-auth:20.0.1] AndroidManifest.xml:79:17-82
104            <meta-data
104-->[com.google.firebase:firebase-storage:19.2.1] AndroidManifest.xml:33:13-35:85
105                android:name="com.google.firebase.components:com.google.firebase.storage.StorageRegistrar"
105-->[com.google.firebase:firebase-storage:19.2.1] AndroidManifest.xml:34:17-107
106                android:value="com.google.firebase.components.ComponentRegistrar" />
106-->[com.google.firebase:firebase-storage:19.2.1] AndroidManifest.xml:35:17-82
107            <meta-data
107-->[com.google.firebase:firebase-dynamic-links:19.1.1] AndroidManifest.xml:11:13-13:85
108                android:name="com.google.firebase.components:com.google.firebase.dynamiclinks.internal.FirebaseDynamicLinkRegistrar"
108-->[com.google.firebase:firebase-dynamic-links:19.1.1] AndroidManifest.xml:12:17-133
109                android:value="com.google.firebase.components.ComponentRegistrar" />
109-->[com.google.firebase:firebase-dynamic-links:19.1.1] AndroidManifest.xml:13:17-82
110            <meta-data
110-->[com.google.firebase:firebase-firestore:22.0.1] AndroidManifest.xml:20:13-22:85
111                android:name="com.google.firebase.components:com.google.firebase.firestore.FirestoreRegistrar"
111-->[com.google.firebase:firebase-firestore:22.0.1] AndroidManifest.xml:21:17-111
112                android:value="com.google.firebase.components.ComponentRegistrar" />
112-->[com.google.firebase:firebase-firestore:22.0.1] AndroidManifest.xml:22:17-82
113            <meta-data
113-->[com.google.android.gms:play-services-measurement-api:18.0.0] AndroidManifest.xml:30:13-32:85
114                android:name="com.google.firebase.components:com.google.firebase.analytics.connector.internal.AnalyticsConnectorRegistrar"
114-->[com.google.android.gms:play-services-measurement-api:18.0.0] AndroidManifest.xml:31:17-139
115                android:value="com.google.firebase.components.ComponentRegistrar" />
115-->[com.google.android.gms:play-services-measurement-api:18.0.0] AndroidManifest.xml:32:17-82
116            <meta-data
116-->[com.google.firebase:firebase-installations:16.3.5] AndroidManifest.xml:18:13-20:85
117                android:name="com.google.firebase.components:com.google.firebase.installations.FirebaseInstallationsRegistrar"
117-->[com.google.firebase:firebase-installations:16.3.5] AndroidManifest.xml:19:17-127
118                android:value="com.google.firebase.components.ComponentRegistrar" />
118-->[com.google.firebase:firebase-installations:16.3.5] AndroidManifest.xml:20:17-82
119            <!--
120                This registrar is not defined in the dynamic-module-support sdk itself to allow non-firebase
121                clients to use it as well, by defining this registrar in their own core/common library.
122            -->
123            <meta-data
123-->[com.google.firebase:firebase-common:19.5.0] AndroidManifest.xml:43:13-45:85
124                android:name="com.google.firebase.components:com.google.firebase.dynamicloading.DynamicLoadingRegistrar"
124-->[com.google.firebase:firebase-common:19.5.0] AndroidManifest.xml:44:17-121
125                android:value="com.google.firebase.components.ComponentRegistrar" />
125-->[com.google.firebase:firebase-common:19.5.0] AndroidManifest.xml:45:17-82
126        </service>
127
128        <provider
128-->[:image_picker] AndroidManifest.xml:11:9-19:20
129            android:name="io.flutter.plugins.imagepicker.ImagePickerFileProvider"
129-->[:image_picker] AndroidManifest.xml:12:13-82
130            android:authorities="com.example.ontime.flutter.image_provider"
130-->[:image_picker] AndroidManifest.xml:13:13-74
131            android:exported="false"
131-->[:image_picker] AndroidManifest.xml:14:13-37
132            android:grantUriPermissions="true" >
132-->[:image_picker] AndroidManifest.xml:15:13-47
133            <meta-data
133-->[:image_picker] AndroidManifest.xml:16:13-18:75
134                android:name="android.support.FILE_PROVIDER_PATHS"
134-->[:image_picker] AndroidManifest.xml:17:17-67
135                android:resource="@xml/flutter_image_picker_file_paths" />
135-->[:image_picker] AndroidManifest.xml:18:17-72
136        </provider>
137
138        <service
138-->[:location] AndroidManifest.xml:13:9-17:56
139            android:name="com.lyokone.location.FlutterLocationService"
139-->[:location] AndroidManifest.xml:14:13-71
140            android:enabled="true"
140-->[:location] AndroidManifest.xml:15:13-35
141            android:exported="false"
141-->[:location] AndroidManifest.xml:16:13-37
142            android:foregroundServiceType="location" />
142-->[:location] AndroidManifest.xml:17:13-53
143
144        <activity
144-->[com.google.firebase:firebase-auth:20.0.1] AndroidManifest.xml:27:9-44:20
145            android:name="com.google.firebase.auth.internal.GenericIdpActivity"
145-->[com.google.firebase:firebase-auth:20.0.1] AndroidManifest.xml:28:13-80
146            android:excludeFromRecents="true"
146-->[com.google.firebase:firebase-auth:20.0.1] AndroidManifest.xml:29:13-46
147            android:exported="true"
147-->[com.google.firebase:firebase-auth:20.0.1] AndroidManifest.xml:30:13-36
148            android:launchMode="singleTask"
148-->[com.google.firebase:firebase-auth:20.0.1] AndroidManifest.xml:31:13-44
149            android:theme="@android:style/Theme.Translucent.NoTitleBar" >
149-->[com.google.firebase:firebase-auth:20.0.1] AndroidManifest.xml:32:13-72
150            <intent-filter>
150-->[com.google.firebase:firebase-auth:20.0.1] AndroidManifest.xml:33:13-43:29
151                <action android:name="android.intent.action.VIEW" />
151-->[com.google.firebase:firebase-auth:20.0.1] AndroidManifest.xml:34:17-69
151-->[com.google.firebase:firebase-auth:20.0.1] AndroidManifest.xml:34:25-66
152
153                <category android:name="android.intent.category.DEFAULT" />
153-->[com.google.firebase:firebase-auth:20.0.1] AndroidManifest.xml:36:17-76
153-->[com.google.firebase:firebase-auth:20.0.1] AndroidManifest.xml:36:27-73
154                <category android:name="android.intent.category.BROWSABLE" />
154-->[com.google.firebase:firebase-auth:20.0.1] AndroidManifest.xml:37:17-78
154-->[com.google.firebase:firebase-auth:20.0.1] AndroidManifest.xml:37:27-75
155
156                <data
156-->[com.google.firebase:firebase-auth:20.0.1] AndroidManifest.xml:39:17-42:51
157                    android:host="firebase.auth"
157-->[com.google.firebase:firebase-auth:20.0.1] AndroidManifest.xml:40:21-49
158                    android:path="/"
158-->[com.google.firebase:firebase-auth:20.0.1] AndroidManifest.xml:41:21-37
159                    android:scheme="genericidp" />
159-->[com.google.firebase:firebase-auth:20.0.1] AndroidManifest.xml:42:21-48
160            </intent-filter>
161        </activity>
162        <activity
162-->[com.google.firebase:firebase-auth:20.0.1] AndroidManifest.xml:45:9-62:20
163            android:name="com.google.firebase.auth.internal.RecaptchaActivity"
163-->[com.google.firebase:firebase-auth:20.0.1] AndroidManifest.xml:46:13-79
164            android:excludeFromRecents="true"
164-->[com.google.firebase:firebase-auth:20.0.1] AndroidManifest.xml:47:13-46
165            android:exported="true"
165-->[com.google.firebase:firebase-auth:20.0.1] AndroidManifest.xml:48:13-36
166            android:launchMode="singleTask"
166-->[com.google.firebase:firebase-auth:20.0.1] AndroidManifest.xml:49:13-44
167            android:theme="@android:style/Theme.Translucent.NoTitleBar" >
167-->[com.google.firebase:firebase-auth:20.0.1] AndroidManifest.xml:50:13-72
168            <intent-filter>
168-->[com.google.firebase:firebase-auth:20.0.1] AndroidManifest.xml:51:13-61:29
169                <action android:name="android.intent.action.VIEW" />
169-->[com.google.firebase:firebase-auth:20.0.1] AndroidManifest.xml:34:17-69
169-->[com.google.firebase:firebase-auth:20.0.1] AndroidManifest.xml:34:25-66
170
171                <category android:name="android.intent.category.DEFAULT" />
171-->[com.google.firebase:firebase-auth:20.0.1] AndroidManifest.xml:36:17-76
171-->[com.google.firebase:firebase-auth:20.0.1] AndroidManifest.xml:36:27-73
172                <category android:name="android.intent.category.BROWSABLE" />
172-->[com.google.firebase:firebase-auth:20.0.1] AndroidManifest.xml:37:17-78
172-->[com.google.firebase:firebase-auth:20.0.1] AndroidManifest.xml:37:27-75
173
174                <data
174-->[com.google.firebase:firebase-auth:20.0.1] AndroidManifest.xml:39:17-42:51
175                    android:host="firebase.auth"
175-->[com.google.firebase:firebase-auth:20.0.1] AndroidManifest.xml:40:21-49
176                    android:path="/"
176-->[com.google.firebase:firebase-auth:20.0.1] AndroidManifest.xml:41:21-37
177                    android:scheme="recaptcha" />
177-->[com.google.firebase:firebase-auth:20.0.1] AndroidManifest.xml:42:21-48
178            </intent-filter>
179        </activity>
180
181        <service
181-->[com.google.firebase:firebase-auth:20.0.1] AndroidManifest.xml:64:9-73:19
182            android:name="com.google.firebase.auth.api.fallback.service.FirebaseAuthFallbackService"
182-->[com.google.firebase:firebase-auth:20.0.1] AndroidManifest.xml:65:13-101
183            android:enabled="true"
183-->[com.google.firebase:firebase-auth:20.0.1] AndroidManifest.xml:66:13-35
184            android:exported="false" >
184-->[com.google.firebase:firebase-auth:20.0.1] AndroidManifest.xml:67:13-37
185            <intent-filter>
185-->[com.google.firebase:firebase-auth:20.0.1] AndroidManifest.xml:68:13-72:29
186                <action android:name="com.google.firebase.auth.api.gms.service.START" />
186-->[com.google.firebase:firebase-auth:20.0.1] AndroidManifest.xml:69:17-89
186-->[com.google.firebase:firebase-auth:20.0.1] AndroidManifest.xml:69:25-86
187
188                <category android:name="android.intent.category.DEFAULT" />
188-->[com.google.firebase:firebase-auth:20.0.1] AndroidManifest.xml:36:17-76
188-->[com.google.firebase:firebase-auth:20.0.1] AndroidManifest.xml:36:27-73
189            </intent-filter>
190        </service>
191
192        <activity
192-->[com.google.android.gms:play-services-auth:16.0.1] AndroidManifest.xml:23:9-27:75
193            android:name="com.google.android.gms.auth.api.signin.internal.SignInHubActivity"
193-->[com.google.android.gms:play-services-auth:16.0.1] AndroidManifest.xml:24:13-93
194            android:excludeFromRecents="true"
194-->[com.google.android.gms:play-services-auth:16.0.1] AndroidManifest.xml:25:13-46
195            android:exported="false"
195-->[com.google.android.gms:play-services-auth:16.0.1] AndroidManifest.xml:26:13-37
196            android:theme="@android:style/Theme.Translucent.NoTitleBar" />
196-->[com.google.android.gms:play-services-auth:16.0.1] AndroidManifest.xml:27:13-72
197        <!--
198            Service handling Google Sign-In user revocation. For apps that do not integrate with
199            Google Sign-In, this service will never be started.
200        -->
201        <service
201-->[com.google.android.gms:play-services-auth:16.0.1] AndroidManifest.xml:33:9-36:110
202            android:name="com.google.android.gms.auth.api.signin.RevocationBoundService"
202-->[com.google.android.gms:play-services-auth:16.0.1] AndroidManifest.xml:34:13-89
203            android:exported="true"
203-->[com.google.android.gms:play-services-auth:16.0.1] AndroidManifest.xml:35:13-36
204            android:permission="com.google.android.gms.auth.api.signin.permission.REVOCATION_NOTIFICATION" />
204-->[com.google.android.gms:play-services-auth:16.0.1] AndroidManifest.xml:36:13-107
205
206        <activity
206-->[com.google.android.gms:play-services-base:17.1.0] AndroidManifest.xml:23:9-26:75
207            android:name="com.google.android.gms.common.api.GoogleApiActivity"
207-->[com.google.android.gms:play-services-base:17.1.0] AndroidManifest.xml:24:13-79
208            android:exported="false"
208-->[com.google.android.gms:play-services-base:17.1.0] AndroidManifest.xml:25:13-37
209            android:theme="@android:style/Theme.Translucent.NoTitleBar" />
209-->[com.google.android.gms:play-services-base:17.1.0] AndroidManifest.xml:26:13-72
210
211        <receiver
211-->[com.google.android.gms:play-services-measurement:18.0.0] AndroidManifest.xml:29:9-33:20
212            android:name="com.google.android.gms.measurement.AppMeasurementReceiver"
212-->[com.google.android.gms:play-services-measurement:18.0.0] AndroidManifest.xml:30:13-85
213            android:enabled="true"
213-->[com.google.android.gms:play-services-measurement:18.0.0] AndroidManifest.xml:31:13-35
214            android:exported="false" >
214-->[com.google.android.gms:play-services-measurement:18.0.0] AndroidManifest.xml:32:13-37
215        </receiver>
216
217        <service
217-->[com.google.android.gms:play-services-measurement:18.0.0] AndroidManifest.xml:35:9-38:40
218            android:name="com.google.android.gms.measurement.AppMeasurementService"
218-->[com.google.android.gms:play-services-measurement:18.0.0] AndroidManifest.xml:36:13-84
219            android:enabled="true"
219-->[com.google.android.gms:play-services-measurement:18.0.0] AndroidManifest.xml:37:13-35
220            android:exported="false" />
220-->[com.google.android.gms:play-services-measurement:18.0.0] AndroidManifest.xml:38:13-37
221        <service
221-->[com.google.android.gms:play-services-measurement:18.0.0] AndroidManifest.xml:39:9-43:72
222            android:name="com.google.android.gms.measurement.AppMeasurementJobService"
222-->[com.google.android.gms:play-services-measurement:18.0.0] AndroidManifest.xml:40:13-87
223            android:enabled="true"
223-->[com.google.android.gms:play-services-measurement:18.0.0] AndroidManifest.xml:41:13-35
224            android:exported="false"
224-->[com.google.android.gms:play-services-measurement:18.0.0] AndroidManifest.xml:42:13-37
225            android:permission="android.permission.BIND_JOB_SERVICE" />
225-->[com.google.android.gms:play-services-measurement:18.0.0] AndroidManifest.xml:43:13-69
226
227        <provider
227-->[com.google.firebase:firebase-common:19.5.0] AndroidManifest.xml:26:9-31:39
228            android:name="com.google.firebase.provider.FirebaseInitProvider"
228-->[com.google.firebase:firebase-common:19.5.0] AndroidManifest.xml:27:13-77
229            android:authorities="com.example.ontime.firebaseinitprovider"
229-->[com.google.firebase:firebase-common:19.5.0] AndroidManifest.xml:28:13-72
230            android:directBootAware="true"
230-->[com.google.firebase:firebase-common:19.5.0] AndroidManifest.xml:29:13-43
231            android:exported="false"
231-->[com.google.firebase:firebase-common:19.5.0] AndroidManifest.xml:30:13-37
232            android:initOrder="100" />
232-->[com.google.firebase:firebase-common:19.5.0] AndroidManifest.xml:31:13-36
233
234        <meta-data
234-->[com.google.android.gms:play-services-basement:17.1.0] AndroidManifest.xml:23:9-25:69
235            android:name="com.google.android.gms.version"
235-->[com.google.android.gms:play-services-basement:17.1.0] AndroidManifest.xml:24:13-58
236            android:value="@integer/google_play_services_version" />
236-->[com.google.android.gms:play-services-basement:17.1.0] AndroidManifest.xml:25:13-66
237    </application>
238
239</manifest>